[35m[1mScanning dependencies of target lidar_slam[0m
[ 33%] [32mBuilding CXX object CMakeFiles/lidar_slam.dir/src/main.cpp.o[0m
[ 66%] [32mBuilding CXX object CMakeFiles/lidar_slam.dir/src/point_process.cpp.o[0m
In file included from [01m[K/usr/local/include/g2o/core/base_fixed_sized_edge.h:39[m[K,
                 from [01m[K/usr/local/include/g2o/core/base_unary_edge.h:30[m[K,
                 from [01m[K/home/kiyi/lidar_slam_ws/src/lidar_slam/include/point_process.h:32[m[K,
                 from [01m[K/home/kiyi/lidar_slam_ws/src/lidar_slam/src/main.cpp:1[m[K:
[01m[K/usr/local/include/g2o/stuff/tuple_tools.h:[m[K In function ‘[01m[Kvoid g2o::tuple_apply_i(F&&, T&, int)[m[K’:
[01m[K/usr/local/include/g2o/stuff/tuple_tools.h:41:46:[m[K [01;31m[Kerror: [m[K‘[01m[Ktuple_size_v[m[K’ is not a member of ‘[01m[Kstd[m[K’; did you mean ‘[01m[Ktuple_size[m[K’?
   41 |       f, t, i, std::make_index_sequence<std::[01;31m[Ktuple_size_v[m[K<std::decay_t<T>>>());
      |                                              [01;31m[K^~~~~~~~~~~~[m[K
      |                                              [32m[Ktuple_size[m[K
In file included from [01m[K/usr/local/include/g2o/core/base_fixed_sized_edge.h:39[m[K,
                 from [01m[K/usr/local/include/g2o/core/base_unary_edge.h:30[m[K,
                 from [01m[K/home/kiyi/lidar_slam_ws/src/lidar_slam/include/point_process.h:32[m[K,
                 from [01m[K/home/kiyi/lidar_slam_ws/src/lidar_slam/src/point_process.cpp:1[m[K:
[01m[K/usr/local/include/g2o/stuff/tuple_tools.h:[m[K In function ‘[01m[Kvoid g2o::tuple_apply_i(F&&, T&, int)[m[K’:
[01m[K/usr/local/include/g2o/stuff/tuple_tools.h:41:46:[m[K [01;31m[Kerror: [m[K‘[01m[Ktuple_size_v[m[K’ is not a member of ‘[01m[Kstd[m[K’; did you mean ‘[01m[Ktuple_size[m[K’?
   41 |       f, t, i, std::make_index_sequence<std::[01;31m[Ktuple_size_v[m[K<std::decay_t<T>>>());
      |                                              [01;31m[K^~~~~~~~~~~~[m[K
      |                                              [32m[Ktuple_size[m[K
[01m[K/usr/local/include/g2o/stuff/tuple_tools.h:41:46:[m[K [01;31m[Kerror: [m[K‘[01m[Ktuple_size_v[m[K’ is not a member of ‘[01m[Kstd[m[K’; did you mean ‘[01m[Ktuple_size[m[K’?
   41 |       f, t, i, std::make_index_sequence<std::[01;31m[Ktuple_size_v[m[K<std::decay_t<T>>>());
      |                                              [01;31m[K^~~~~~~~~~~~[m[K
      |                                              [32m[Ktuple_size[m[K
[01m[K/usr/local/include/g2o/stuff/tuple_tools.h:41:73:[m[K [01;31m[Kerror: [m[Ktemplate argument 1 is invalid
   41 |       f, t, i, std::make_index_sequence<std::tuple_size_v<std::decay_t<T[01;31m[K>>[m[K>());
      |                                                                         [01;31m[K^~[m[K
[01m[K/usr/local/include/g2o/stuff/tuple_tools.h:41:77:[m[K [01;31m[Kerror: [m[Kexpected primary-expression before ‘[01m[K)[m[K’ token
   41 |       f, t, i, std::make_index_sequence<std::tuple_size_v<std::decay_t<T>>>([01;31m[K)[m[K);
      |                                                                             [01;31m[K^[m[K
[01m[K/usr/local/include/g2o/stuff/tuple_tools.h:41:46:[m[K [01;31m[Kerror: [m[K‘[01m[Ktuple_size_v[m[K’ is not a member of ‘[01m[Kstd[m[K’; did you mean ‘[01m[Ktuple_size[m[K’?
   41 |       f, t, i, std::make_index_sequence<std::[01;31m[Ktuple_size_v[m[K<std::decay_t<T>>>());
      |                                              [01;31m[K^~~~~~~~~~~~[m[K
      |                                              [32m[Ktuple_size[m[K
[01m[K/usr/local/include/g2o/stuff/tuple_tools.h:41:73:[m[K [01;31m[Kerror: [m[Ktemplate argument 1 is invalid
   41 |       f, t, i, std::make_index_sequence<std::tuple_size_v<std::decay_t<T[01;31m[K>>[m[K>());
      |                                                                         [01;31m[K^~[m[K
[01m[K/usr/local/include/g2o/stuff/tuple_tools.h:41:77:[m[K [01;31m[Kerror: [m[Kexpected primary-expression before ‘[01m[K)[m[K’ token
   41 |       f, t, i, std::make_index_sequence<std::tuple_size_v<std::decay_t<T>>>([01;31m[K)[m[K);
      |                                                                             [01;31m[K^[m[K
In file included from [01m[K/usr/local/include/g2o/core/sparse_block_matrix.h:42[m[K,
                 from [01m[K/usr/local/include/g2o/core/marginal_covariance_cholesky.h:34[m[K,
                 from [01m[K/usr/local/include/g2o/core/linear_solver.h:33[m[K,
                 from [01m[K/usr/local/include/g2o/core/block_solver.h:35[m[K,
                 from [01m[K/home/kiyi/lidar_slam_ws/src/lidar_slam/include/point_process.h:33[m[K,
                 from [01m[K/home/kiyi/lidar_slam_ws/src/lidar_slam/src/main.cpp:1[m[K:
[01m[K/usr/local/include/g2o/core/matrix_structure.h:[m[K At global scope:
[01m[K/usr/local/include/g2o/core/matrix_structure.h:57:19:[m[K [01;31m[Kerror: [m[K‘[01m[Kstd::string_view[m[K’ has not been declared
   57 |   bool write(std::[01;31m[Kstring_view[m[K filename) const;
      |                   [01;31m[K^~~~~~~~~~~[m[K
In file included from [01m[K/usr/local/include/g2o/core/sparse_block_matrix.h:42[m[K,
                 from [01m[K/usr/local/include/g2o/core/marginal_covariance_cholesky.h:34[m[K,
                 from [01m[K/usr/local/include/g2o/core/linear_solver.h:33[m[K,
                 from [01m[K/usr/local/include/g2o/core/block_solver.h:35[m[K,
                 from [01m[K/home/kiyi/lidar_slam_ws/src/lidar_slam/include/point_process.h:33[m[K,
                 from [01m[K/home/kiyi/lidar_slam_ws/src/lidar_slam/src/point_process.cpp:1[m[K:
[01m[K/usr/local/include/g2o/core/matrix_structure.h:[m[K At global scope:
[01m[K/usr/local/include/g2o/core/matrix_structure.h:57:19:[m[K [01;31m[Kerror: [m[K‘[01m[Kstd::string_view[m[K’ has not been declared
   57 |   bool write(std::[01;31m[Kstring_view[m[K filename) const;
      |                   [01;31m[K^~~~~~~~~~~[m[K
[01m[K/home/kiyi/lidar_slam_ws/src/lidar_slam/src/point_process.cpp:[m[K In member function ‘[01m[Kvoid PointCloudProcessor::optimizeTrajectory(std::vector<Eigen::Matrix<float, 4, 4> >&)[m[K’:
[01m[K/home/kiyi/lidar_slam_ws/src/lidar_slam/src/point_process.cpp:316:14:[m[K [01;31m[Kerror: [m[K‘[01m[Kmake_unique[m[K’ is not a member of ‘[01m[Kg2o[m[K’; did you mean ‘[01m[Kstd::make_unique[m[K’?
  316 |         g2o::[01;31m[Kmake_unique[m[K<BlockSolverType>(g2o::make_unique<LinearSolverType>()));
      |              [01;31m[K^~~~~~~~~~~[m[K
In file included from [01m[K/usr/include/c++/9/bits/locale_conv.h:41[m[K,
                 from [01m[K/usr/include/c++/9/locale:43[m[K,
                 from [01m[K/usr/include/c++/9/iomanip:43[m[K,
                 from [01m[K/usr/include/boost/math/policies/error_handling.hpp:12[m[K,
                 from [01m[K/usr/include/boost/math/special_functions/round.hpp:14[m[K,
                 from [01m[K/opt/ros/noetic/include/ros/time.h:58[m[K,
                 from [01m[K/opt/ros/noetic/include/ros/ros.h:38[m[K,
                 from [01m[K/home/kiyi/lidar_slam_ws/src/lidar_slam/include/point_process.h:4[m[K,
                 from [01m[K/home/kiyi/lidar_slam_ws/src/lidar_slam/src/point_process.cpp:1[m[K:
[01m[K/usr/include/c++/9/bits/unique_ptr.h:868:5:[m[K [01;36m[Knote: [m[K‘[01m[Kstd::make_unique[m[K’ declared here
  868 |     [01;36m[Kmake_unique[m[K(_Args&&...) = delete;
      |     [01;36m[K^~~~~~~~~~~[m[K
[01m[K/home/kiyi/lidar_slam_ws/src/lidar_slam/src/point_process.cpp:316:41:[m[K [01;31m[Kerror: [m[Kexpected primary-expression before ‘[01m[K>[m[K’ token
  316 |         g2o::make_unique<BlockSolverType[01;31m[K>[m[K(g2o::make_unique<LinearSolverType>()));
      |                                         [01;31m[K^[m[K
[01m[K/home/kiyi/lidar_slam_ws/src/lidar_slam/src/point_process.cpp:316:48:[m[K [01;31m[Kerror: [m[K‘[01m[Kmake_unique[m[K’ is not a member of ‘[01m[Kg2o[m[K’; did you mean ‘[01m[Kstd::make_unique[m[K’?
  316 |         g2o::make_unique<BlockSolverType>(g2o::[01;31m[Kmake_unique[m[K<LinearSolverType>()));
      |                                                [01;31m[K^~~~~~~~~~~[m[K
In file included from [01m[K/usr/include/c++/9/bits/locale_conv.h:41[m[K,
                 from [01m[K/usr/include/c++/9/locale:43[m[K,
                 from [01m[K/usr/include/c++/9/iomanip:43[m[K,
                 from [01m[K/usr/include/boost/math/policies/error_handling.hpp:12[m[K,
                 from [01m[K/usr/include/boost/math/special_functions/round.hpp:14[m[K,
                 from [01m[K/opt/ros/noetic/include/ros/time.h:58[m[K,
                 from [01m[K/opt/ros/noetic/include/ros/ros.h:38[m[K,
                 from [01m[K/home/kiyi/lidar_slam_ws/src/lidar_slam/include/point_process.h:4[m[K,
                 from [01m[K/home/kiyi/lidar_slam_ws/src/lidar_slam/src/point_process.cpp:1[m[K:
[01m[K/usr/include/c++/9/bits/unique_ptr.h:868:5:[m[K [01;36m[Knote: [m[K‘[01m[Kstd::make_unique[m[K’ declared here
  868 |     [01;36m[Kmake_unique[m[K(_Args&&...) = delete;
      |     [01;36m[K^~~~~~~~~~~[m[K
[01m[K/home/kiyi/lidar_slam_ws/src/lidar_slam/src/point_process.cpp:316:76:[m[K [01;31m[Kerror: [m[Kexpected primary-expression before ‘[01m[K>[m[K’ token
  316 |         g2o::make_unique<BlockSolverType>(g2o::make_unique<LinearSolverType[01;31m[K>[m[K()));
      |                                                                            [01;31m[K^[m[K
[01m[K/home/kiyi/lidar_slam_ws/src/lidar_slam/src/point_process.cpp:316:78:[m[K [01;31m[Kerror: [m[Kexpected primary-expression before ‘[01m[K)[m[K’ token
  316 |         g2o::make_unique<BlockSolverType>(g2o::make_unique<LinearSolverType>([01;31m[K)[m[K));
      |                                                                              [01;31m[K^[m[K
[01m[K/home/kiyi/lidar_slam_ws/src/lidar_slam/src/point_process.cpp:349:51:[m[K [01;31m[Kerror: [m[K‘[01m[Kclass g2o::OptimizableGraph::Vertex[m[K’ has no member named ‘[01m[Kestimate[m[K’
  349 |         transformations[i] = optimizer.vertex(i)->[01;31m[Kestimate[m[K().toMatrix().cast<float>();
      |                                                   [01;31m[K^~~~~~~~[m[K
[01m[K/home/kiyi/lidar_slam_ws/src/lidar_slam/src/point_process.cpp:349:78:[m[K [01;31m[Kerror: [m[Kexpected primary-expression before ‘[01m[Kfloat[m[K’
  349 |         transformations[i] = optimizer.vertex(i)->estimate().toMatrix().cast<[01;31m[Kfloat[m[K>();
      |                                                                              [01;31m[K^~~~~[m[K
In file included from [01m[K/usr/include/eigen3/Eigen/Core:366[m[K,
                 from [01m[K/usr/include/eigen3/Eigen/StdVector:14[m[K,
                 from [01m[K/usr/include/pcl-1.10/pcl/point_cloud.h:45[m[K,
                 from [01m[K/home/kiyi/lidar_slam_ws/src/lidar_slam/include/point_process.h:7[m[K,
                 from [01m[K/home/kiyi/lidar_slam_ws/src/lidar_slam/src/point_process.cpp:1[m[K:
/usr/include/eigen3/Eigen/src/Core/DenseCoeffsBase.h: In instantiation of ‘[01m[KEigen::DenseCoeffsBase<Derived, 0>::CoeffReturnType Eigen::DenseCoeffsBase<Derived, 0>::operator[](Eigen::Index) const [with Derived = Eigen::CwiseUnaryOp<Eigen::internal::scalar_cast_op<float, double>, const Eigen::Matrix<float, 4, 4> >; Eigen::DenseCoeffsBase<Derived, 0>::CoeffReturnType = double; Eigen::Index = long int][m[K’:
[01m[K/usr/local/include/g2o/types/slam3d/se3quat.h:71:18:[m[K   required from ‘[01m[Kg2o::SE3Quat::SE3Quat(const Eigen::MatrixBase<Derived>&) [with Derived = Eigen::CwiseUnaryOp<Eigen::internal::scalar_cast_op<float, double>, const Eigen::Matrix<float, 4, 4> >][m[K’
[01m[K/home/kiyi/lidar_slam_ws/src/lidar_slam/src/point_process.cpp:323:67:[m[K   required from here
[01m[K/usr/include/eigen3/Eigen/src/Core/DenseCoeffsBase.h:160:7:[m[K [01;31m[Kerror: [m[Kstatic assertion failed: THE_BRACKET_OPERATOR_IS_ONLY_FOR_VECTORS__USE_THE_PARENTHESIS_OPERATOR_INSTEAD
  160 |       [01;31m[KEIGEN_STATIC_ASSERT[m[K(Derived::IsVectorAtCompileTime,
      |       [01;31m[K^~~~~~~~~~~~~~~~~~~[m[K
/usr/include/eigen3/Eigen/src/Core/DenseCoeffsBase.h: In instantiation of ‘[01m[KEigen::DenseCoeffsBase<Derived, 0>::CoeffReturnType Eigen::DenseCoeffsBase<Derived, 0>::operator[](Eigen::Index) const [with Derived = Eigen::Product<Eigen::CwiseUnaryOp<Eigen::internal::scalar_cast_op<float, double>, const Eigen::Matrix<float, 4, 4> >, Eigen::Inverse<Eigen::CwiseUnaryOp<Eigen::internal::scalar_cast_op<float, double>, const Eigen::Matrix<float, 4, 4> > >, 0>; Eigen::DenseCoeffsBase<Derived, 0>::CoeffReturnType = double; Eigen::Index = long int][m[K’:
[01m[K/usr/local/include/g2o/types/slam3d/se3quat.h:71:18:[m[K   required from ‘[01m[Kg2o::SE3Quat::SE3Quat(const Eigen::MatrixBase<Derived>&) [with Derived = Eigen::Product<Eigen::CwiseUnaryOp<Eigen::internal::scalar_cast_op<float, double>, const Eigen::Matrix<float, 4, 4> >, Eigen::Inverse<Eigen::CwiseUnaryOp<Eigen::internal::scalar_cast_op<float, double>, const Eigen::Matrix<float, 4, 4> > >, 0>][m[K’
[01m[K/home/kiyi/lidar_slam_ws/src/lidar_slam/src/point_process.cpp:333:126:[m[K   required from here
[01m[K/usr/include/eigen3/Eigen/src/Core/DenseCoeffsBase.h:160:7:[m[K [01;31m[Kerror: [m[Kstatic assertion failed: THE_BRACKET_OPERATOR_IS_ONLY_FOR_VECTORS__USE_THE_PARENTHESIS_OPERATOR_INSTEAD
make[2]: *** [CMakeFiles/lidar_slam.dir/build.make:63：CMakeFiles/lidar_slam.dir/src/main.cpp.o] 错误 1
make[2]: *** 正在等待未完成的任务....
make[2]: *** [CMakeFiles/lidar_slam.dir/build.make:76：CMakeFiles/lidar_slam.dir/src/point_process.cpp.o] 错误 1
make[1]: *** [CMakeFiles/Makefile2:2297：CMakeFiles/lidar_slam.dir/all] 错误 2
make: *** [Makefile:141：all] 错误 2
