In file included from [01m[K/home/kiyi/lidar_slam_ws/src/lidar_slam/src/main.cpp:1[m[K:
[01m[K/home/kiyi/lidar_slam_ws/src/lidar_slam/include/point_process.h:65:10:[m[K [01;31m[Kerror: [m[Kextra qualification ‘[01m[KPointCloudProcessor::[m[K’ on member ‘[01m[KrecordStatisticsToCSV[m[K’ [[01;31m[K-fpermissive[m[K]
   65 |     void [01;31m[KPointCloudProcessor[m[K::recordStatisticsToCSV(const std::string &filename, const std::string &algorithm,
      |          [01;31m[K^~~~~~~~~~~~~~~~~~~[m[K
[01m[K/home/kiyi/lidar_slam_ws/src/lidar_slam/include/point_process.h:66:89:[m[K [01;31m[Kerror: [m[Kexpected ‘[01m[K;[m[K’ at end of member declaration
   66 |                                                 float distance, float mean, float stddev[01;31m[K)[m[K
      |                                                                                         [01;31m[K^[m[K
      |                                                                                          [32m[K;[m[K
In file included from [01m[K/home/kiyi/lidar_slam_ws/src/lidar_slam/src/point_process.cpp:1[m[K:
[01m[K/home/kiyi/lidar_slam_ws/src/lidar_slam/include/point_process.h:65:10:[m[K [01;31m[Kerror: [m[Kextra qualification ‘[01m[KPointCloudProcessor::[m[K’ on member ‘[01m[KrecordStatisticsToCSV[m[K’ [[01;31m[K-fpermissive[m[K]
   65 |     void [01;31m[KPointCloudProcessor[m[K::recordStatisticsToCSV(const std::string &filename, const std::string &algorithm,
      |          [01;31m[K^~~~~~~~~~~~~~~~~~~[m[K
[01m[K/home/kiyi/lidar_slam_ws/src/lidar_slam/include/point_process.h:66:89:[m[K [01;31m[Kerror: [m[Kexpected ‘[01m[K;[m[K’ at end of member declaration
   66 |                                                 float distance, float mean, float stddev[01;31m[K)[m[K
      |                                                                                         [01;31m[K^[m[K
      |                                                                                          [32m[K;[m[K
make[2]: *** [CMakeFiles/lidar_slam.dir/build.make:63：CMakeFiles/lidar_slam.dir/src/main.cpp.o] 错误 1
make[2]: *** 正在等待未完成的任务....
make[2]: *** [CMakeFiles/lidar_slam.dir/build.make:76：CMakeFiles/lidar_slam.dir/src/point_process.cpp.o] 错误 1
make[1]: *** [CMakeFiles/Makefile2:2297：CMakeFiles/lidar_slam.dir/all] 错误 2
make: *** [Makefile:141：all] 错误 2
