[35m[1mScanning dependencies of target lidar_slam[0m
[ 33%] [32mBuilding CXX object CMakeFiles/lidar_slam.dir/src/point_process.cpp.o[0m
[ 66%] [32mBuilding CXX object CMakeFiles/lidar_slam.dir/src/main.cpp.o[0m
In file included from [01m[K/home/kiyi/lidar_slam_ws/src/lidar_slam/src/point_process.cpp:1[m[K:
[01m[K/home/kiyi/lidar_slam_ws/src/lidar_slam/include/point_process.h:31:10:[m[K [01;31m[Kfatal error: [m[Kg2o/core/base_vertex.h: 没有那个文件或目录
   31 | #include [01;31m[K<g2o/core/base_vertex.h>[m[K
      |          [01;31m[K^~~~~~~~~~~~~~~~~~~~~~~~[m[K
In file included from [01m[K/home/kiyi/lidar_slam_ws/src/lidar_slam/src/main.cpp:1[m[K:
[01m[K/home/kiyi/lidar_slam_ws/src/lidar_slam/include/point_process.h:31:10:[m[K [01;31m[Kfatal error: [m[Kg2o/core/base_vertex.h: 没有那个文件或目录
   31 | #include [01;31m[K<g2o/core/base_vertex.h>[m[K
      |          [01;31m[K^~~~~~~~~~~~~~~~~~~~~~~~[m[K
compilation terminated.
compilation terminated.
make[2]: *** [CMakeFiles/lidar_slam.dir/build.make:63：CMakeFiles/lidar_slam.dir/src/main.cpp.o] 错误 1
make[2]: *** 正在等待未完成的任务....
make[2]: *** [CMakeFiles/lidar_slam.dir/build.make:76：CMakeFiles/lidar_slam.dir/src/point_process.cpp.o] 错误 1
make[1]: *** [CMakeFiles/Makefile2:2297：CMakeFiles/lidar_slam.dir/all] 错误 2
make: *** [Makefile:141：all] 错误 2
