[01m[K/home/gongyou/Documents/01_slam/lidar_slam_ws/src/lidar_slam/src/point_process.cpp:[m[K In member function â€˜[01m[Kvoid PointCloudProcessor::test_ndt()[m[Kâ€™:
[01m[K/home/gongyou/Documents/01_slam/lidar_slam_ws/src/lidar_slam/src/point_process.cpp:209:53:[m[K [01;31m[Kerror: [m[Kâ€˜[01m[Kmax_iterations[m[Kâ€™ was not declared in this scope
  209 |         std::cout << "Testing with resolution: " << [01;31m[Kmax_iterations[m[K << std::endl;
      |                                                     [01;31m[K^~~~~~~~~~~~~~[m[K
make[2]: *** [CMakeFiles/lidar_slam.dir/build.make:76ï¼šCMakeFiles/lidar_slam.dir/src/point_process.cpp.o] é”™è¯¯ 1
make[1]: *** [CMakeFiles/Makefile2:2238ï¼šCMakeFiles/lidar_slam.dir/all] é”™è¯¯ 2
make: *** [Makefile:141ï¼šall] é”™è¯¯ 2
