In file included from [01m[K/home/kiyi/lidar_slam_ws/src/lidar_slam/src/point_process.cpp:1[m[K:
[01m[K/home/kiyi/lidar_slam_ws/src/lidar_slam/include/point_process.h:81:67:[m[K [01;31m[Kerror: [m[Kexpected â€˜[01m[K;[m[Kâ€™ at end of member declaration
   81 |     void publishMarker(const Eigen::Matrix4f &transformation_total[01;31m[K)[m[K
      |                                                                   [01;31m[K^[m[K
      |                                                                    [32m[K;[m[K
[01m[K/home/kiyi/lidar_slam_ws/src/lidar_slam/src/point_process.cpp:[m[K In constructor â€˜[01m[KPointCloudProcessor::PointCloudProcessor()[m[Kâ€™:
[01m[K/home/kiyi/lidar_slam_ws/src/lidar_slam/src/point_process.cpp:20:19:[m[K [01;31m[Kerror: [m[Kâ€˜[01m[Knh_[m[Kâ€™ was not declared in this scope; did you mean â€˜[01m[Knh[m[Kâ€™?
   20 |     marker_pub_ = [01;31m[Knh_[m[K.advertise<visualization_msgs::Marker>("trajectory_marker", 10);
      |                   [01;31m[K^~~[m[K
      |                   [32m[Knh[m[K
[01m[K/home/kiyi/lidar_slam_ws/src/lidar_slam/src/point_process.cpp:20:59:[m[K [01;31m[Kerror: [m[Kexpected primary-expression before â€˜[01m[K>[m[Kâ€™ token
   20 |     marker_pub_ = nh_.advertise<visualization_msgs::Marker[01;31m[K>[m[K("trajectory_marker", 10);
      |                                                           [01;31m[K^[m[K
In file included from [01m[K/home/kiyi/lidar_slam_ws/src/lidar_slam/src/main.cpp:1[m[K:
[01m[K/home/kiyi/lidar_slam_ws/src/lidar_slam/include/point_process.h:81:67:[m[K [01;31m[Kerror: [m[Kexpected â€˜[01m[K;[m[Kâ€™ at end of member declaration
   81 |     void publishMarker(const Eigen::Matrix4f &transformation_total[01;31m[K)[m[K
      |                                                                   [01;31m[K^[m[K
      |                                                                    [32m[K;[m[K
make[2]: *** [CMakeFiles/lidar_slam.dir/build.make:63ï¼šCMakeFiles/lidar_slam.dir/src/main.cpp.o] é”™è¯¯ 1
make[2]: *** æ­£åœ¨ç­‰å¾…æœªå®Œæˆçš„ä»»åŠ¡....
make[2]: *** [CMakeFiles/lidar_slam.dir/build.make:76ï¼šCMakeFiles/lidar_slam.dir/src/point_process.cpp.o] é”™è¯¯ 1
make[1]: *** [CMakeFiles/Makefile2:2297ï¼šCMakeFiles/lidar_slam.dir/all] é”™è¯¯ 2
make: *** [Makefile:141ï¼šall] é”™è¯¯ 2
