[01m[K/home/gongyou/Documents/01_slam/lidar_slam_ws/src/lidar_slam/src/point_process.cpp:[m[K In member function â€˜[01m[KEigen::Matrix4f PointCloudProcessor::ndt_registration_test(const Ptr&, const Ptr&, pcl::PointCloud<pcl::PointXYZ>::Ptr&, int&)[m[Kâ€™:
[01m[K/home/gongyou/Documents/01_slam/lidar_slam_ws/src/lidar_slam/src/point_process.cpp:276:55:[m[K [01;31m[Kerror: [m[Kâ€˜[01m[Ki[m[Kâ€™ was not declared in this scope
  276 |     std::cout << "ndt_registration_test 1 index: " << [01;31m[Ki[m[K << std::endl;
      |                                                       [01;31m[K^[m[K
make[2]: *** [CMakeFiles/lidar_slam.dir/build.make:76ï¼šCMakeFiles/lidar_slam.dir/src/point_process.cpp.o] é”™è¯¯ 1
make[1]: *** [CMakeFiles/Makefile2:2238ï¼šCMakeFiles/lidar_slam.dir/all] é”™è¯¯ 2
make: *** [Makefile:141ï¼šall] é”™è¯¯ 2
