[01m[K/home/gongyou/Documents/01_slam/lidar_slam_ws/src/lidar_slam/src/point_process.cpp:[m[K In member function â€˜[01m[Kvoid PointCloudProcessor::test_ndt()[m[Kâ€™:
[01m[K/home/gongyou/Documents/01_slam/lidar_slam_ws/src/lidar_slam/src/point_process.cpp:221:21:[m[K [01;31m[Kerror: [m[Kâ€˜[01m[Kresolution[m[Kâ€™ was not declared in this scope; did you mean â€˜[01m[Kresolutions[m[Kâ€™?
  221 |         csv_file << [01;31m[Kresolution[m[K << "," << ndt_distance << "\n";
      |                     [01;31m[K^~~~~~~~~~[m[K
      |                     [32m[Kresolutions[m[K
make[2]: *** [CMakeFiles/lidar_slam.dir/build.make:76ï¼šCMakeFiles/lidar_slam.dir/src/point_process.cpp.o] é”™è¯¯ 1
make[1]: *** [CMakeFiles/Makefile2:2238ï¼šCMakeFiles/lidar_slam.dir/all] é”™è¯¯ 2
make: *** [Makefile:141ï¼šall] é”™è¯¯ 2
