In file included from [01m[K/home/gongyou/Documents/01_slam/lidar_slam_ws/src/lidar_slam/src/main.cpp:1[m[K:
[01m[K/home/gongyou/Documents/01_slam/lidar_slam_ws/src/lidar_slam/include/point_process.h:70:21:[m[K [01;31m[Kerror: [m[K‚Äò[01m[Ktf2_ros[m[K‚Äô was not declared in this scope
   70 |     std::shared_ptr<[01;31m[Ktf2_ros[m[K::TransformBroadcaster> tf_broadcaster_;
      |                     [01;31m[K^~~~~~~[m[K
[01m[K/home/gongyou/Documents/01_slam/lidar_slam_ws/src/lidar_slam/include/point_process.h:70:50:[m[K [01;31m[Kerror: [m[Ktemplate argument 1 is invalid
   70 |     std::shared_ptr<tf2_ros::TransformBroadcaster[01;31m[K>[m[K tf_broadcaster_;
      |                                                  [01;31m[K^[m[K
In file included from [01m[K/home/gongyou/Documents/01_slam/lidar_slam_ws/src/lidar_slam/src/point_process.cpp:1[m[K:
[01m[K/home/gongyou/Documents/01_slam/lidar_slam_ws/src/lidar_slam/include/point_process.h:70:21:[m[K [01;31m[Kerror: [m[K‚Äò[01m[Ktf2_ros[m[K‚Äô was not declared in this scope
   70 |     std::shared_ptr<[01;31m[Ktf2_ros[m[K::TransformBroadcaster> tf_broadcaster_;
      |                     [01;31m[K^~~~~~~[m[K
[01m[K/home/gongyou/Documents/01_slam/lidar_slam_ws/src/lidar_slam/include/point_process.h:70:50:[m[K [01;31m[Kerror: [m[Ktemplate argument 1 is invalid
   70 |     std::shared_ptr<tf2_ros::TransformBroadcaster[01;31m[K>[m[K tf_broadcaster_;
      |                                                  [01;31m[K^[m[K
[01m[K/home/gongyou/Documents/01_slam/lidar_slam_ws/src/lidar_slam/src/point_process.cpp:[m[K In constructor ‚Äò[01m[KPointCloudProcessor::PointCloudProcessor()[m[K‚Äô:
[01m[K/home/gongyou/Documents/01_slam/lidar_slam_ws/src/lidar_slam/src/point_process.cpp:17:40:[m[K [01;31m[Kerror: [m[K‚Äò[01m[Ktf2_ros[m[K‚Äô was not declared in this scope
   17 |     tf_broadcaster_ = std::make_shared<[01;31m[Ktf2_ros[m[K::TransformBroadcaster>();
      |                                        [01;31m[K^~~~~~~[m[K
[01m[K/home/gongyou/Documents/01_slam/lidar_slam_ws/src/lidar_slam/src/point_process.cpp:17:28:[m[K [01;31m[Kerror: [m[Kparse error in template argument list
   17 |     tf_broadcaster_ = std::[01;31m[Kmake_shared<tf2_ros::TransformBroadcaster>[m[K();
      |                            [01;31m[K^~~~~~~~~~~~~~~~~~~~~~~~~~~~~~~~~~~~~~~~~~[m[K
[01m[K/home/gongyou/Documents/01_slam/lidar_slam_ws/src/lidar_slam/src/point_process.cpp:17:71:[m[K [01;31m[Kerror: [m[Kno matching function for call to ‚Äò[01m[Kmake_shared<<expression error> >()[m[K‚Äô
   17 |     tf_broadcaster_ = std::make_shared<tf2_ros::TransformBroadcaster>([01;31m[K)[m[K;
      |                                                                       [01;31m[K^[m[K
In file included from [01m[K/usr/include/c++/9/memory:81[m[K,
                 from [01m[K/usr/include/boost/config/no_tr1/memory.hpp:21[m[K,
                 from [01m[K/usr/include/boost/smart_ptr/shared_ptr.hpp:23[m[K,
                 from [01m[K/usr/include/boost/shared_ptr.hpp:17[m[K,
                 from [01m[K/opt/ros/noetic/include/ros/forwards.h:37[m[K,
                 from [01m[K/opt/ros/noetic/include/ros/common.h:37[m[K,
                 from [01m[K/opt/ros/noetic/include/ros/ros.h:43[m[K,
                 from [01m[K/home/gongyou/Documents/01_slam/lidar_slam_ws/src/lidar_slam/include/point_process.h:4[m[K,
                 from [01m[K/home/gongyou/Documents/01_slam/lidar_slam_ws/src/lidar_slam/src/point_process.cpp:1[m[K:
[01m[K/usr/include/c++/9/bits/shared_ptr.h:714:5:[m[K [01;36m[Knote: [m[Kcandidate: ‚Äò[01m[Ktemplate<class _Tp, class ... _Args> std::shared_ptr<_Tp> std::make_shared(_Args&& ...)[m[K‚Äô
  714 |     [01;36m[Kmake_shared[m[K(_Args&&... __args)
      |     [01;36m[K^~~~~~~~~~~[m[K
[01m[K/usr/include/c++/9/bits/shared_ptr.h:714:5:[m[K [01;36m[Knote: [m[K  template argument deduction/substitution failed:
[01m[K/home/gongyou/Documents/01_slam/lidar_slam_ws/src/lidar_slam/src/point_process.cpp:17:71:[m[K [01;31m[Kerror: [m[Ktemplate argument 1 is invalid
   17 |     tf_broadcaster_ = std::make_shared<tf2_ros::TransformBroadcaster>([01;31m[K)[m[K;
      |                                                                       [01;31m[K^[m[K
[01m[K/home/gongyou/Documents/01_slam/lidar_slam_ws/src/lidar_slam/src/point_process.cpp:[m[K In member function ‚Äò[01m[Kvoid PointCloudProcessor::publishTransform()[m[K‚Äô:
[01m[K/home/gongyou/Documents/01_slam/lidar_slam_ws/src/lidar_slam/src/point_process.cpp:23:20:[m[K [01;31m[Kerror: [m[K‚Äò[01m[KTransformStamped[m[K‚Äô is not a member of ‚Äò[01m[Kgeometry_msgs[m[K‚Äô
   23 |     geometry_msgs::[01;31m[KTransformStamped[m[K transformStamped;
      |                    [01;31m[K^~~~~~~~~~~~~~~~[m[K
[01m[K/home/gongyou/Documents/01_slam/lidar_slam_ws/src/lidar_slam/src/point_process.cpp:26:5:[m[K [01;31m[Kerror: [m[K‚Äò[01m[KtransformStamped[m[K‚Äô was not declared in this scope
   26 |     [01;31m[KtransformStamped[m[K.header.stamp = ros::Time::now();
      |     [01;31m[K^~~~~~~~~~~~~~~~[m[K
[01m[K/home/gongyou/Documents/01_slam/lidar_slam_ws/src/lidar_slam/src/point_process.cpp:42:20:[m[K [01;31m[Kerror: [m[Kbase operand of ‚Äò[01m[K->[m[K‚Äô is not a pointer
   42 |     tf_broadcaster_[01;31m[K->[m[KsendTransform(transformStamped);
      |                    [01;31m[K^~[m[K
make[2]: *** [CMakeFiles/lidar_slam.dir/build.make:63ÔºöCMakeFiles/lidar_slam.dir/src/main.cpp.o] ÈîôËØØ 1
make[2]: *** Ê≠£Âú®Á≠âÂæÖÊú™ÂÆåÊàêÁöÑ‰ªªÂä°....
make[2]: *** [CMakeFiles/lidar_slam.dir/build.make:76ÔºöCMakeFiles/lidar_slam.dir/src/point_process.cpp.o] ÈîôËØØ 1
make[1]: *** [CMakeFiles/Makefile2:2238ÔºöCMakeFiles/lidar_slam.dir/all] ÈîôËØØ 2
make: *** [Makefile:141Ôºöall] ÈîôËØØ 2
