In file included from [01m[K/home/kiyi/lidar_slam_ws/src/lidar_slam/src/point_process.cpp:1[m[K:
[01m[K/home/kiyi/lidar_slam_ws/src/lidar_slam/include/point_process.h:81:67:[m[K [01;31m[Kerror: [m[Kexpected ‘[01m[K;[m[K’ at end of member declaration
   81 |     void publishMarker(const Eigen::Matrix4f &transformation_total[01;31m[K)[m[K
      |                                                                   [01;31m[K^[m[K
      |                                                                    [32m[K;[m[K
[01m[K/home/kiyi/lidar_slam_ws/src/lidar_slam/src/point_process.cpp:[m[K In constructor ‘[01m[KPointCloudProcessor::PointCloudProcessor()[m[K’:
[01m[K/home/kiyi/lidar_slam_ws/src/lidar_slam/src/point_process.cpp:20:19:[m[K [01;31m[Kerror: [m[K‘[01m[Knh_[m[K’ was not declared in this scope; did you mean ‘[01m[Knh[m[K’?
   20 |     marker_pub_ = [01;31m[Knh_[m[K.advertise<visualization_msgs::Marker>("trajectory_marker", 10);
      |                   [01;31m[K^~~[m[K
      |                   [32m[Knh[m[K
[01m[K/home/kiyi/lidar_slam_ws/src/lidar_slam/src/point_process.cpp:20:59:[m[K [01;31m[Kerror: [m[Kexpected primary-expression before ‘[01m[K>[m[K’ token
   20 |     marker_pub_ = nh_.advertise<visualization_msgs::Marker[01;31m[K>[m[K("trajectory_marker", 10);
      |                                                           [01;31m[K^[m[K
In file included from [01m[K/home/kiyi/lidar_slam_ws/src/lidar_slam/src/main.cpp:1[m[K:
[01m[K/home/kiyi/lidar_slam_ws/src/lidar_slam/include/point_process.h:81:67:[m[K [01;31m[Kerror: [m[Kexpected ‘[01m[K;[m[K’ at end of member declaration
   81 |     void publishMarker(const Eigen::Matrix4f &transformation_total[01;31m[K)[m[K
      |                                                                   [01;31m[K^[m[K
      |                                                                    [32m[K;[m[K
make[2]: *** [CMakeFiles/lidar_slam.dir/build.make:63：CMakeFiles/lidar_slam.dir/src/main.cpp.o] 错误 1
make[2]: *** 正在等待未完成的任务....
make[2]: *** [CMakeFiles/lidar_slam.dir/build.make:76：CMakeFiles/lidar_slam.dir/src/point_process.cpp.o] 错误 1
make[1]: *** [CMakeFiles/Makefile2:2297：CMakeFiles/lidar_slam.dir/all] 错误 2
make: *** [Makefile:141：all] 错误 2
