[01m[K/home/gongyou/Documents/01_slam/lidar_slam_ws/src/lidar_slam/src/point_process.cpp:[m[K In member function â€˜[01m[Kvoid PointCloudProcessor::test_ndt()[m[Kâ€™:
[01m[K/home/gongyou/Documents/01_slam/lidar_slam_ws/src/lidar_slam/src/point_process.cpp:170:10:[m[K [01;31m[Kerror: [m[Kâ€˜[01m[KPassThrough[m[Kâ€™ is not a member of â€˜[01m[Kpcl[m[Kâ€™
  170 |     pcl::[01;31m[KPassThrough[m[K<pcl::PointXYZ> pass;
      |          [01;31m[K^~~~~~~~~~~[m[K
[01m[K/home/gongyou/Documents/01_slam/lidar_slam_ws/src/lidar_slam/src/point_process.cpp:170:35:[m[K [01;31m[Kerror: [m[Kexpected primary-expression before â€˜[01m[K>[m[Kâ€™ token
  170 |     pcl::PassThrough<pcl::PointXYZ[01;31m[K>[m[K pass;
      |                                   [01;31m[K^[m[K
[01m[K/home/gongyou/Documents/01_slam/lidar_slam_ws/src/lidar_slam/src/point_process.cpp:170:37:[m[K [01;31m[Kerror: [m[Kâ€˜[01m[Kpass[m[Kâ€™ was not declared in this scope
  170 |     pcl::PassThrough<pcl::PointXYZ> [01;31m[Kpass[m[K;
      |                                     [01;31m[K^~~~[m[K
make[2]: *** [CMakeFiles/lidar_slam.dir/build.make:76ï¼šCMakeFiles/lidar_slam.dir/src/point_process.cpp.o] é”™è¯¯ 1
make[1]: *** [CMakeFiles/Makefile2:2238ï¼šCMakeFiles/lidar_slam.dir/all] é”™è¯¯ 2
make: *** [Makefile:141ï¼šall] é”™è¯¯ 2
