[01m[K/home/gongyou/Documents/01_slam/lidar_slam_ws/src/lidar_slam/src/point_process.cpp:[m[K In member function â€˜[01m[KEigen::Matrix4f PointCloudProcessor::ndt_registration_test(const Ptr&, const Ptr&, pcl::PointCloud<pcl::PointXYZ>::Ptr&, float&)[m[Kâ€™:
[01m[K/home/gongyou/Documents/01_slam/lidar_slam_ws/src/lidar_slam/src/point_process.cpp:278:16:[m[K [01;31m[Kerror: [m[Kâ€˜[01m[Kclass pcl::PointCloud<pcl::PointXYZ>[m[Kâ€™ has no member named â€˜[01m[KremoveNaNFromPointCloud[m[Kâ€™
  278 |     cloud_src->[01;31m[KremoveNaNFromPointCloud[m[K();
      |                [01;31m[K^~~~~~~~~~~~~~~~~~~~~~~[m[K
[01m[K/home/gongyou/Documents/01_slam/lidar_slam_ws/src/lidar_slam/src/point_process.cpp:279:16:[m[K [01;31m[Kerror: [m[Kâ€˜[01m[Kclass pcl::PointCloud<pcl::PointXYZ>[m[Kâ€™ has no member named â€˜[01m[KremoveNaNFromPointCloud[m[Kâ€™
  279 |     cloud_tgt->[01;31m[KremoveNaNFromPointCloud[m[K();
      |                [01;31m[K^~~~~~~~~~~~~~~~~~~~~~~[m[K
[01m[K/home/gongyou/Documents/01_slam/lidar_slam_ws/src/lidar_slam/src/point_process.cpp:[m[K At global scope:
[01m[K/home/gongyou/Documents/01_slam/lidar_slam_ws/src/lidar_slam/src/point_process.cpp:308:1:[m[K [01;31m[Kerror: [m[Kexpected declaration before â€˜[01m[K}[m[Kâ€™ token
  308 | [01;31m[K}[m[K
      | [01;31m[K^[m[K
make[2]: *** [CMakeFiles/lidar_slam.dir/build.make:76ï¼šCMakeFiles/lidar_slam.dir/src/point_process.cpp.o] é”™è¯¯ 1
make[1]: *** [CMakeFiles/Makefile2:2238ï¼šCMakeFiles/lidar_slam.dir/all] é”™è¯¯ 2
make: *** [Makefile:141ï¼šall] é”™è¯¯ 2
