[35m[1mScanning dependencies of target lidar_slam[0m
[ 33%] [32mBuilding CXX object CMakeFiles/lidar_slam.dir/src/point_process.cpp.o[0m
[01m[K/home/kiyi/lidar_slam_ws/src/lidar_slam/src/point_process.cpp:[m[K In member function â€˜[01m[Kvoid PointCloudProcessor::process_pointcloud(const ConstPtr&)[m[Kâ€™:
[01m[K/home/kiyi/lidar_slam_ws/src/lidar_slam/src/point_process.cpp:674:26:[m[K [01;31m[Kerror: [m[Kâ€˜[01m[Kcurrent_frame_points_filtered[m[Kâ€™ was not declared in this scope; did you mean â€˜[01m[Kcurrent_frame_points[m[Kâ€™?
  674 |     pcl::copyPointCloud(*[01;31m[Kcurrent_frame_points_filtered[m[K, *last_frame_points);
      |                          [01;31m[K^~~~~~~~~~~~~~~~~~~~~~~~~~~~~[m[K
      |                          [32m[Kcurrent_frame_points[m[K
make[2]: *** [CMakeFiles/lidar_slam.dir/build.make:76ï¼šCMakeFiles/lidar_slam.dir/src/point_process.cpp.o] é”™è¯¯ 1
make[1]: *** [CMakeFiles/Makefile2:2297ï¼šCMakeFiles/lidar_slam.dir/all] é”™è¯¯ 2
make: *** [Makefile:141ï¼šall] é”™è¯¯ 2
